<?xml version="1.0" encoding="UTF-8"?><testsuite errors="0" failures="1" name="Title of your feature" skipped="0" tests="2" time="50.89" timestamp="2021-08-12 12:27:02"><testcase name="Buscar el producto en el buscador de OLX exitoso Apartamento En Venta En Sabaneta La Florida CodVBSUR10646"><failure message="Expected enabled element was not enabled" type="net.thucydides.core.webdriver.exceptions.ElementShouldBeEnabledException">Expected enabled element was not enabled</failure><system-err>Expected enabled element was not enabled&#13;
tasks.BuscarProductoEnOlx.performAs(BuscarProductoEnOlx.java:22)&#13;
stepDefinitions.OLXBuscadorStepDefinitions.buscoElProudctoEnElBuscador(OLXBuscadorStepDefinitions.java:31)&#13;
cucumber.runner.Runner.runPickle(Runner.java:80)&#13;
org.eclipse.jdt.internal.junit4.runner.JUnit4TestReference.run(JUnit4TestReference.java:89)&#13;
org.eclipse.jdt.internal.junit.runner.TestExecution.run(TestExecution.java:41)&#13;
org.eclipse.jdt.internal.junit.runner.RemoteTestRunner.runTests(RemoteTestRunner.java:542)&#13;
org.eclipse.jdt.internal.junit.runner.RemoteTestRunner.runTests(RemoteTestRunner.java:770)&#13;
org.eclipse.jdt.internal.junit.runner.RemoteTestRunner.run(RemoteTestRunner.java:464)&#13;
org.eclipse.jdt.internal.junit.runner.RemoteTestRunner.main(RemoteTestRunner.java:210)&#13;
</system-err></testcase></testsuite>