<?xml version="1.0" encoding="UTF-8"?><testsuite errors="2" failures="0" name="Title of your feature" skipped="0" tests="2" time="16.98" timestamp="2021-06-10 07:53:13"><testcase name="Buscar el producto en el buscador de OLX exitoso"><error message="no such element: Unable to locate element: {&quot;method&quot;:&quot;xpath&quot;,&quot;selector&quot;:&quot;//h1[contains(text(),'Apartamento En Venta En Sabaneta La Florida CodVBSUR10646')]&quot;}&#10;  (Session info: chrome=91.0.4472.77)&#10;For documentation on this error, please visit: https://www.seleniumhq.org/exceptions/no_such_element.html&#10;Build info: version: '3.141.59', revision: 'e82be7d358', time: '2018-11-14T08:17:03'&#10;System info: host: 'SQA-1949', ip: '192.168.0.2', os.name: 'Windows 10', os.arch: 'amd64', os.version: '10.0', java.version: '1.8.0_211'&#10;Driver info: org.openqa.selenium.chrome.ChromeDriver&#10;Capabilities {acceptInsecureCerts: false, browserName: chrome, browserVersion: 91.0.4472.77, chrome: {chromedriverVersion: 91.0.4472.19 (1bf021f248676..., userDataDir: C:\Users\SOPORT~1\AppData\L...}, goog:chromeOptions: {debuggerAddress: localhost:57934}, javascriptEnabled: true, networkConnectionEnabled: false, pageLoadStrategy: normal, platform: WINDOWS, platformName: WINDOWS, proxy: Proxy(), setWindowRect: true, strictFileInteractability: false, timeouts: {implicit: 0, pageLoad: 300000, script: 30000}, unhandledPromptBehavior: dismiss and notify, webauthn:extension:largeBlob: true, webauthn:virtualAuthenticators: true}&#10;Session ID: 310f0e038b90c593277778d2ac122a2e&#10;*** Element info: {Using=xpath, value=//h1[contains(text(),'Apartamento En Venta En Sabaneta La Florida CodVBSUR10646')]}" type="java.lang.AssertionError">no such element: Unable to locate element: {"method":"xpath","selector":"//h1[contains(text(),'Apartamento En Venta En Sabaneta La Florida CodVBSUR10646')]"}
  (Session info: chrome=91.0.4472.77)
For documentation on this error, please visit: https://www.seleniumhq.org/exceptions/no_such_element.html
Build info: version: '3.141.59', revision: 'e82be7d358', time: '2018-11-14T08:17:03'
System info: host: 'SQA-1949', ip: '192.168.0.2', os.name: 'Windows 10', os.arch: 'amd64', os.version: '10.0', java.version: '1.8.0_211'
Driver info: org.openqa.selenium.chrome.ChromeDriver
Capabilities {acceptInsecureCerts: false, browserName: chrome, browserVersion: 91.0.4472.77, chrome: {chromedriverVersion: 91.0.4472.19 (1bf021f248676..., userDataDir: C:\Users\SOPORT~1\AppData\L...}, goog:chromeOptions: {debuggerAddress: localhost:57934}, javascriptEnabled: true, networkConnectionEnabled: false, pageLoadStrategy: normal, platform: WINDOWS, platformName: WINDOWS, proxy: Proxy(), setWindowRect: true, strictFileInteractability: false, timeouts: {implicit: 0, pageLoad: 300000, script: 30000}, unhandledPromptBehavior: dismiss and notify, webauthn:extension:largeBlob: true, webauthn:virtualAuthenticators: true}
Session ID: 310f0e038b90c593277778d2ac122a2e
*** Element info: {Using=xpath, value=//h1[contains(text(),'Apartamento En Venta En Sabaneta La Florida CodVBSUR10646')]}</error><system-err>no such element: Unable to locate element: {"method":"xpath","selector":"//h1[contains(text(),'Apartamento En Venta En Sabaneta La Florida CodVBSUR10646')]"}
  (Session info: chrome=91.0.4472.77)
For documentation on this error, please visit: https://www.seleniumhq.org/exceptions/no_such_element.html
Build info: version: '3.141.59', revision: 'e82be7d358', time: '2018-11-14T08:17:03'
System info: host: 'SQA-1949', ip: '192.168.0.2', os.name: 'Windows 10', os.arch: 'amd64', os.version: '10.0', java.version: '1.8.0_211'
Driver info: org.openqa.selenium.chrome.ChromeDriver
Capabilities {acceptInsecureCerts: false, browserName: chrome, browserVersion: 91.0.4472.77, chrome: {chromedriverVersion: 91.0.4472.19 (1bf021f248676..., userDataDir: C:\Users\SOPORT~1\AppData\L...}, goog:chromeOptions: {debuggerAddress: localhost:57934}, javascriptEnabled: true, networkConnectionEnabled: false, pageLoadStrategy: normal, platform: WINDOWS, platformName: WINDOWS, proxy: Proxy(), setWindowRect: true, strictFileInteractability: false, timeouts: {implicit: 0, pageLoad: 300000, script: 30000}, unhandledPromptBehavior: dismiss and notify, webauthn:extension:largeBlob: true, webauthn:virtualAuthenticators: true}
Session ID: 310f0e038b90c593277778d2ac122a2e
*** Element info: {Using=xpath, value=//h1[contains(text(),'Apartamento En Venta En Sabaneta La Florida CodVBSUR10646')]}&#13;
stepDefinitions.OLXBuscadorStepDefinitions.podreVerElProductoEnPantalla(OLXBuscadorStepDefinitions.java:36)&#13;
✽.podre ver el producto Apartamento En Venta En Sabaneta La Florida CodVBSUR10646 en pantalla(src/test/resources/features/OLXBuscadorBackground.feature:8)&#13;
</system-err></testcase></testsuite>